Performing C SOURCE FILE Test CMAKE_HAVE_LIBC_PTHREAD failed with the following output:
Change Dir: /opt/nvidia/deepstream/deepstream-5.1/samples/configs/deepstream-app-trtis/pet_detection/nvdsinfer_custom_impl_Yolo/build/CMakeFiles/CMakeTmp

Run Build Command(s):/usr/bin/make cmTC_33924/fast && /usr/bin/make -f CMakeFiles/cmTC_33924.dir/build.make CMakeFiles/cmTC_33924.dir/build
make[1]: Entering directory '/opt/nvidia/deepstream/deepstream-5.1/samples/configs/deepstream-app-trtis/pet_detection/nvdsinfer_custom_impl_Yolo/build/CMakeFiles/CMakeTmp'
Building C object CMakeFiles/cmTC_33924.dir/src.c.o
/usr/bin/cc   -fPIC -DCMAKE_HAVE_LIBC_PTHREAD   -o CMakeFiles/cmTC_33924.dir/src.c.o   -c /opt/nvidia/deepstream/deepstream-5.1/samples/configs/deepstream-app-trtis/pet_detection/nvdsinfer_custom_impl_Yolo/build/CMakeFiles/CMakeTmp/src.c
Linking C executable cmTC_33924
/usr/bin/cmake -E cmake_link_script CMakeFiles/cmTC_33924.dir/link.txt --verbose=1
/usr/bin/cc -fPIC -DCMAKE_HAVE_LIBC_PTHREAD    -rdynamic CMakeFiles/cmTC_33924.dir/src.c.o  -o cmTC_33924 
/usr/bin/ld: CMakeFiles/cmTC_33924.dir/src.c.o: in function `main':
src.c:(.text+0x46): undefined reference to `pthread_create'
/usr/bin/ld: src.c:(.text+0x52): undefined reference to `pthread_detach'
/usr/bin/ld: src.c:(.text+0x63): undefined reference to `pthread_join'
collect2: error: ld returned 1 exit status
make[1]: *** [CMakeFiles/cmTC_33924.dir/build.make:87: cmTC_33924] Error 1
make[1]: Leaving directory '/opt/nvidia/deepstream/deepstream-5.1/samples/configs/deepstream-app-trtis/pet_detection/nvdsinfer_custom_impl_Yolo/build/CMakeFiles/CMakeTmp'
make: *** [Makefile:121: cmTC_33924/fast] Error 2


Source file was:
#include <pthread.h>

void* test_func(void* data)
{
  return data;
}

int main(void)
{
  pthread_t thread;
  pthread_create(&thread, NULL, test_func, NULL);
  pthread_detach(thread);
  pthread_join(thread, NULL);
  pthread_atfork(NULL, NULL, NULL);
  pthread_exit(NULL);

  return 0;
}

Determining if the function pthread_create exists in the pthreads failed with the following output:
Change Dir: /opt/nvidia/deepstream/deepstream-5.1/samples/configs/deepstream-app-trtis/pet_detection/nvdsinfer_custom_impl_Yolo/build/CMakeFiles/CMakeTmp

Run Build Command(s):/usr/bin/make cmTC_ab6d3/fast && /usr/bin/make -f CMakeFiles/cmTC_ab6d3.dir/build.make CMakeFiles/cmTC_ab6d3.dir/build
make[1]: Entering directory '/opt/nvidia/deepstream/deepstream-5.1/samples/configs/deepstream-app-trtis/pet_detection/nvdsinfer_custom_impl_Yolo/build/CMakeFiles/CMakeTmp'
Building C object CMakeFiles/cmTC_ab6d3.dir/CheckFunctionExists.c.o
/usr/bin/cc   -fPIC -DCHECK_FUNCTION_EXISTS=pthread_create   -o CMakeFiles/cmTC_ab6d3.dir/CheckFunctionExists.c.o   -c /usr/share/cmake-3.16/Modules/CheckFunctionExists.c
Linking C executable cmTC_ab6d3
/usr/bin/cmake -E cmake_link_script CMakeFiles/cmTC_ab6d3.dir/link.txt --verbose=1
/usr/bin/cc -fPIC -DCHECK_FUNCTION_EXISTS=pthread_create    -rdynamic CMakeFiles/cmTC_ab6d3.dir/CheckFunctionExists.c.o  -o cmTC_ab6d3  -lpthreads 
/usr/bin/ld: cannot find -lpthreads
collect2: error: ld returned 1 exit status
make[1]: *** [CMakeFiles/cmTC_ab6d3.dir/build.make:87: cmTC_ab6d3] Error 1
make[1]: Leaving directory '/opt/nvidia/deepstream/deepstream-5.1/samples/configs/deepstream-app-trtis/pet_detection/nvdsinfer_custom_impl_Yolo/build/CMakeFiles/CMakeTmp'
make: *** [Makefile:121: cmTC_ab6d3/fast] Error 2



