Performing C SOURCE FILE Test CMAKE_HAVE_LIBC_PTHREAD failed with the following output:
Change Dir: /opt/nvidia/deepstream/deepstream-5.1/samples/configs/deepstream-app-trtis/yolov5s_inferserver/nvdsinfer_custom_impl_Yolo/build/CMakeFiles/CMakeTmp

Run Build Command(s):/usr/bin/make cmTC_099cc/fast && /usr/bin/make -f CMakeFiles/cmTC_099cc.dir/build.make CMakeFiles/cmTC_099cc.dir/build
make[1]: Entering directory '/opt/nvidia/deepstream/deepstream-5.1/samples/configs/deepstream-app-trtis/yolov5s_inferserver/nvdsinfer_custom_impl_Yolo/build/CMakeFiles/CMakeTmp'
Building C object CMakeFiles/cmTC_099cc.dir/src.c.o
/usr/bin/cc   -fPIC -DCMAKE_HAVE_LIBC_PTHREAD   -o CMakeFiles/cmTC_099cc.dir/src.c.o   -c /opt/nvidia/deepstream/deepstream-5.1/samples/configs/deepstream-app-trtis/yolov5s_inferserver/nvdsinfer_custom_impl_Yolo/build/CMakeFiles/CMakeTmp/src.c
Linking C executable cmTC_099cc
/usr/bin/cmake -E cmake_link_script CMakeFiles/cmTC_099cc.dir/link.txt --verbose=1
/usr/bin/cc -fPIC -DCMAKE_HAVE_LIBC_PTHREAD    -rdynamic CMakeFiles/cmTC_099cc.dir/src.c.o  -o cmTC_099cc 
/usr/bin/ld: CMakeFiles/cmTC_099cc.dir/src.c.o: in function `main':
src.c:(.text+0x46): undefined reference to `pthread_create'
/usr/bin/ld: src.c:(.text+0x52): undefined reference to `pthread_detach'
/usr/bin/ld: src.c:(.text+0x63): undefined reference to `pthread_join'
collect2: error: ld returned 1 exit status
make[1]: *** [CMakeFiles/cmTC_099cc.dir/build.make:87: cmTC_099cc] Error 1
make[1]: Leaving directory '/opt/nvidia/deepstream/deepstream-5.1/samples/configs/deepstream-app-trtis/yolov5s_inferserver/nvdsinfer_custom_impl_Yolo/build/CMakeFiles/CMakeTmp'
make: *** [Makefile:121: cmTC_099cc/fast] Error 2


Source file was:
#include <pthread.h>

void* test_func(void* data)
{
  return data;
}

int main(void)
{
  pthread_t thread;
  pthread_create(&thread, NULL, test_func, NULL);
  pthread_detach(thread);
  pthread_join(thread, NULL);
  pthread_atfork(NULL, NULL, NULL);
  pthread_exit(NULL);

  return 0;
}

Determining if the function pthread_create exists in the pthreads failed with the following output:
Change Dir: /opt/nvidia/deepstream/deepstream-5.1/samples/configs/deepstream-app-trtis/yolov5s_inferserver/nvdsinfer_custom_impl_Yolo/build/CMakeFiles/CMakeTmp

Run Build Command(s):/usr/bin/make cmTC_b61a1/fast && /usr/bin/make -f CMakeFiles/cmTC_b61a1.dir/build.make CMakeFiles/cmTC_b61a1.dir/build
make[1]: Entering directory '/opt/nvidia/deepstream/deepstream-5.1/samples/configs/deepstream-app-trtis/yolov5s_inferserver/nvdsinfer_custom_impl_Yolo/build/CMakeFiles/CMakeTmp'
Building C object CMakeFiles/cmTC_b61a1.dir/CheckFunctionExists.c.o
/usr/bin/cc   -fPIC -DCHECK_FUNCTION_EXISTS=pthread_create   -o CMakeFiles/cmTC_b61a1.dir/CheckFunctionExists.c.o   -c /usr/share/cmake-3.16/Modules/CheckFunctionExists.c
Linking C executable cmTC_b61a1
/usr/bin/cmake -E cmake_link_script CMakeFiles/cmTC_b61a1.dir/link.txt --verbose=1
/usr/bin/cc -fPIC -DCHECK_FUNCTION_EXISTS=pthread_create    -rdynamic CMakeFiles/cmTC_b61a1.dir/CheckFunctionExists.c.o  -o cmTC_b61a1  -lpthreads 
/usr/bin/ld: cannot find -lpthreads
collect2: error: ld returned 1 exit status
make[1]: *** [CMakeFiles/cmTC_b61a1.dir/build.make:87: cmTC_b61a1] Error 1
make[1]: Leaving directory '/opt/nvidia/deepstream/deepstream-5.1/samples/configs/deepstream-app-trtis/yolov5s_inferserver/nvdsinfer_custom_impl_Yolo/build/CMakeFiles/CMakeTmp'
make: *** [Makefile:121: cmTC_b61a1/fast] Error 2



